PHP Warning:  PHP Startup: Unable to load dynamic library 'openssl' (tried: C:\\work-projs\\php-8.3.13\\openssl (\xd0\x9d\xd0\xb5 \xd0\xbd\xd0\xb0\xd0\xb9\xd0\xb4\xd0\xb5\xd0\xbd \xd1\x83\xd0\xba\xd0\xb0\xd0\xb7\xd0\xb0\xd0\xbd\xd0\xbd\xd1\x8b\xd0\xb9 \xd0\xbc\xd0\xbe\xd0\xb4\xd1\x83\xd0\xbb\xd1\x8c), C:\\work-projs\\php-8.3.13\\php_openssl.dll (\xd0\x9d\xd0\xb5 \xd0\xbd\xd0\xb0\xd0\xb9\xd0\xb4\xd0\xb5\xd0\xbd \xd1\x83\xd0\xba\xd0\xb0\xd0\xb7\xd0\xb0\xd0\xbd\xd0\xbd\xd1\x8b\xd0\xb9 \xd0\xbc\xd0\xbe\xd0\xb4\xd1\x83\xd0\xbb\xd1\x8c)) in Unknown on line 0
PHP Warning:  PHP Startup: Unable to load dynamic library 'php_openssl.dll' (tried: C:\\work-projs\\php-8.3.13\\php_openssl.dll (\xd0\x9d\xd0\xb5 \xd0\xbd\xd0\xb0\xd0\xb9\xd0\xb4\xd0\xb5\xd0\xbd \xd1\x83\xd0\xba\xd0\xb0\xd0\xb7\xd0\xb0\xd0\xbd\xd0\xbd\xd1\x8b\xd0\xb9 \xd0\xbc\xd0\xbe\xd0\xb4\xd1\x83\xd0\xbb\xd1\x8c), C:\\work-projs\\php-8.3.13\\php_php_openssl.dll.dll (\xd0\x9d\xd0\xb5 \xd0\xbd\xd0\xb0\xd0\xb9\xd0\xb4\xd0\xb5\xd0\xbd \xd1\x83\xd0\xba\xd0\xb0\xd0\xb7\xd0\xb0\xd0\xbd\xd0\xbd\xd1\x8b\xd0\xb9 \xd0\xbc\xd0\xbe\xd0\xb4\xd1\x83\xd0\xbb\xd1\x8c)) in Unknown on line 0
[Tue Dec 10 22:37:37.594378 2024] [mpm_winnt:notice] [pid 8184:tid 412] AH00455: Apache/2.4.62 (Win64) PHP/8.3.13 configured -- resuming normal operations
[Tue Dec 10 22:37:37.594378 2024] [mpm_winnt:notice] [pid 8184:tid 412] AH00456: Apache Lounge VS17 Server built: Sep  4 2024 10:31:52
[Tue Dec 10 22:37:37.594378 2024] [core:notice] [pid 8184:tid 412] AH00094: Command line: 'C:\\work-projs\\Only_php_trainee\\httpd-2.4.62-240904-win64-VS17\\Apache24\\bin\\httpd.exe -d C:/work-projs/Only_php_trainee/httpd-2.4.62-240904-win64-VS17/Apache24'
[Tue Dec 10 22:37:37.602485 2024] [mpm_winnt:notice] [pid 8184:tid 412] AH00418: Parent: Created child process 12864
Apache server shutdown initiated...
 load dynamic library 'openssl' (tried: C:\\work-projs\\php-8.3.13\\openssl (\xd0\x9d\xd0\xb5 \xd0\xbd\xd0\xb0\xd0\xb9\xd0\xb4\xd0\xb5\xd0\xbd \xd1\x83\xd0\xba\xd0\xb0\xd0\xb7\xd0\xb0\xd0\xbd\xd0\xbd\xd1\x8b\xd0\xb9 \xd0\xbc\xd0\xbe\xd0\xb4\xd1\x83\xd0\xbb\xd1\x8c), C:\\work-projs\\php-8.3.13\\php_openssl.dll (\xd0\x9d\xd0\xb5 \xd0\xbd\xd0\xb0\xd0\xb9\xd0\xb4\xd0\xb5\xd0\xbd \xd1\x83\xd0\xba\xd0\xb0\xd0\xb7\xd0\xb0\xd0\xbd\xd0\xbd\xd1\x8b\xd0\xb9 \xd0\xbc\xd0\xbe\xd0\xb4\xd1\x83\xd0\xbb\xd1\x8c)) in Unknown on line 0
PHP Warning:  PHP Startup: Unable to load dynamic library 'php_openssl.dll' (tried: C:\\work-projs\\php-8.3.13\\php_openssl.dll (\xd0\x9d\xd0\xb5 \xd0\xbd\xd0\xb0\xd0\xb9\xd0\xb4\xd0\xb5\xd0\xbd \xd1\x83\xd0\xba\xd0\xb0\xd0\xb7\xd0\xb0\xd0\xbd\xd0\xbd\xd1\x8b\xd0\xb9 \xd0\xbc\xd0\xbe\xd0\xb4\xd1\x83\xd0\xbb\xd1\x8c), C:\\work-projs\\php-8.3.13\\php_php_openssl.dll.dll (\xd0\x9d\xd0\xb5 \xd0\xbd\xd0\xb0\xd0\xb9\xd0\xb4\xd0\xb5\xd0\xbd \xd1\x83\xd0\xba\xd0\xb0\xd0\xb7\xd0\xb0\xd0\xbd\xd0\xbd\xd1\x8b\xd0\xb9 \xd0\xbc\xd0\xbe\xd0\xb4\xd1\x83\xd0\xbb\xd1\x8c)) in Unknown on line 0
[Tue Dec 10 22:37:37.791330 2024] [mpm_winnt:notice] [pid 12864:tid 388] AH00354: Child: Starting 64 worker threads.
[Tue Dec 10 22:43:55.118392 2024] [php:warn] [pid 12864:tid 1196] [client ::1:62757] PHP Warning:  fsockopen(): Unable to connect to ssl://www.1c-bitrix.ru:443 (Unable to find the socket transport &quot;ssl&quot; - did you forget to enable it when you configured PHP?) in C:\\work-projs\\only_trainee_tasks\\Task1\\bitrix\\bitrixsetup.php on line 862, referer: http://localhost:8000/bitrix/bitrixsetup.php
[Tue Dec 10 22:47:46.632409 2024] [php:warn] [pid 12864:tid 1196] [client ::1:64733] PHP Warning:  fsockopen(): Unable to connect to ssl://www.1c-bitrix.ru:443 (Unable to find the socket transport &quot;ssl&quot; - did you forget to enable it when you configured PHP?) in C:\\work-projs\\only_trainee_tasks\\Task1\\bitrix\\bitrixsetup.php on line 862, referer: http://localhost:8000/bitrix/bitrixsetup.php
[Tue Dec 10 22:51:45.467196 2024] [mpm_winnt:notice] [pid 8184:tid 412] AH00422: Parent: Received shutdown signal -- Shutting down the server.
[Tue Dec 10 22:51:47.478260 2024] [mpm_winnt:notice] [pid 12864:tid 388] AH00364: Child: All worker threads have exited.
[Tue Dec 10 22:51:47.499261 2024] [mpm_winnt:notice] [pid 8184:tid 412] AH00430: Parent: Child process 12864 exited successfully.
PHP Warning:  PHP Startup: Unable to load dynamic library 'openssl' (tried: C:\\work-projs\\php-8.3.13\\openssl (\xd0\x9d\xd0\xb5 \xd0\xbd\xd0\xb0\xd0\xb9\xd0\xb4\xd0\xb5\xd0\xbd \xd1\x83\xd0\xba\xd0\xb0\xd0\xb7\xd0\xb0\xd0\xbd\xd0\xbd\xd1\x8b\xd0\xb9 \xd0\xbc\xd0\xbe\xd0\xb4\xd1\x83\xd0\xbb\xd1\x8c), C:\\work-projs\\php-8.3.13\\php_openssl.dll (\xd0\x9d\xd0\xb5 \xd0\xbd\xd0\xb0\xd0\xb9\xd0\xb4\xd0\xb5\xd0\xbd \xd1\x83\xd0\xba\xd0\xb0\xd0\xb7\xd0\xb0\xd0\xbd\xd0\xbd\xd1\x8b\xd0\xb9 \xd0\xbc\xd0\xbe\xd0\xb4\xd1\x83\xd0\xbb\xd1\x8c)) in Unknown on line 0
PHP Warning:  PHP Startup: Unable to load dynamic library 'php_openssl.dll' (tried: C:\\work-projs\\php-8.3.13\\php_openssl.dll (\xd0\x9d\xd0\xb5 \xd0\xbd\xd0\xb0\xd0\xb9\xd0\xb4\xd0\xb5\xd0\xbd \xd1\x83\xd0\xba\xd0\xb0\xd0\xb7\xd0\xb0\xd0\xbd\xd0\xbd\xd1\x8b\xd0\xb9 \xd0\xbc\xd0\xbe\xd0\xb4\xd1\x83\xd0\xbb\xd1\x8c), C:\\work-projs\\php-8.3.13\\php_php_openssl.dll.dll (\xd0\x9d\xd0\xb5 \xd0\xbd\xd0\xb0\xd0\xb9\xd0\xb4\xd0\xb5\xd0\xbd \xd1\x83\xd0\xba\xd0\xb0\xd0\xb7\xd0\xb0\xd0\xbd\xd0\xbd\xd1\x8b\xd0\xb9 \xd0\xbc\xd0\xbe\xd0\xb4\xd1\x83\xd0\xbb\xd1\x8c)) in Unknown on line 0
[Tue Dec 10 22:51:50.337326 2024] [mpm_winnt:notice] [pid 20896:tid 412] AH00455: Apache/2.4.62 (Win64) PHP/8.3.13 configured -- resuming normal operations
[Tue Dec 10 22:51:50.337326 2024] [mpm_winnt:notice] [pid 20896:tid 412] AH00456: Apache Lounge VS17 Server built: Sep  4 2024 10:31:52
[Tue Dec 10 22:51:50.337326 2024] [core:notice] [pid 20896:tid 412] AH00094: Command line: 'C:\\work-projs\\Only_php_trainee\\httpd-2.4.62-240904-win64-VS17\\Apache24\\bin\\httpd.exe -d C:/work-projs/Only_php_trainee/httpd-2.4.62-240904-win64-VS17/Apache24'
[Tue Dec 10 22:51:50.341326 2024] [mpm_winnt:notice] [pid 20896:tid 412] AH00418: Parent: Created child process 20720
Apache server shutdown initiated...
 load dynamic library 'openssl' (tried: C:\\work-projs\\php-8.3.13\\openssl (\xd0\x9d\xd0\xb5 \xd0\xbd\xd0\xb0\xd0\xb9\xd0\xb4\xd0\xb5\xd0\xbd \xd1\x83\xd0\xba\xd0\xb0\xd0\xb7\xd0\xb0\xd0\xbd\xd0\xbd\xd1\x8b\xd0\xb9 \xd0\xbc\xd0\xbe\xd0\xb4\xd1\x83\xd0\xbb\xd1\x8c), C:\\work-projs\\php-8.3.13\\php_openssl.dll (\xd0\x9d\xd0\xb5 \xd0\xbd\xd0\xb0\xd0\xb9\xd0\xb4\xd0\xb5\xd0\xbd \xd1\x83\xd0\xba\xd0\xb0\xd0\xb7\xd0\xb0\xd0\xbd\xd0\xbd\xd1\x8b\xd0\xb9 \xd0\xbc\xd0\xbe\xd0\xb4\xd1\x83\xd0\xbb\xd1\x8c)) in Unknown on line 0
PHP Warning:  PHP Startup: Unable to load dynamic library 'php_openssl.dll' (tried: C:\\work-projs\\php-8.3.13\\php_openssl.dll (\xd0\x9d\xd0\xb5 \xd0\xbd\xd0\xb0\xd0\xb9\xd0\xb4\xd0\xb5\xd0\xbd \xd1\x83\xd0\xba\xd0\xb0\xd0\xb7\xd0\xb0\xd0\xbd\xd0\xbd\xd1\x8b\xd0\xb9 \xd0\xbc\xd0\xbe\xd0\xb4\xd1\x83\xd0\xbb\xd1\x8c), C:\\work-projs\\php-8.3.13\\php_php_openssl.dll.dll (\xd0\x9d\xd0\xb5 \xd0\xbd\xd0\xb0\xd0\xb9\xd0\xb4\xd0\xb5\xd0\xbd \xd1\x83\xd0\xba\xd0\xb0\xd0\xb7\xd0\xb0\xd0\xbd\xd0\xbd\xd1\x8b\xd0\xb9 \xd0\xbc\xd0\xbe\xd0\xb4\xd1\x83\xd0\xbb\xd1\x8c)) in Unknown on line 0
[Tue Dec 10 22:51:50.537312 2024] [mpm_winnt:notice] [pid 20720:tid 388] AH00354: Child: Starting 64 worker threads.
[Tue Dec 10 22:51:54.911545 2024] [php:warn] [pid 20720:tid 1188] [client ::1:50331] PHP Warning:  fsockopen(): Unable to connect to ssl://www.1c-bitrix.ru:443 (Unable to find the socket transport &quot;ssl&quot; - did you forget to enable it when you configured PHP?) in C:\\work-projs\\only_trainee_tasks\\Task1\\bitrix\\bitrixsetup.php on line 862, referer: http://localhost:8000/bitrix/bitrixsetup.php
[Tue Dec 10 22:51:58.240879 2024] [php:warn] [pid 20720:tid 1188] [client ::1:50331] PHP Warning:  fsockopen(): Unable to connect to ssl://www.1c-bitrix.ru:443 (Unable to find the socket transport &quot;ssl&quot; - did you forget to enable it when you configured PHP?) in C:\\work-projs\\only_trainee_tasks\\Task1\\bitrix\\bitrixsetup.php on line 862, referer: http://localhost:8000/bitrix/bitrixsetup.php
[Tue Dec 10 22:58:15.865068 2024] [php:warn] [pid 20720:tid 1196] [client ::1:52993] PHP Warning:  fsockopen(): Unable to connect to ssl://www.1c-bitrix.ru:443 (Unable to find the socket transport &quot;ssl&quot; - did you forget to enable it when you configured PHP?) in C:\\work-projs\\only_trainee_tasks\\Task1\\bitrix\\bitrixsetup.php on line 862, referer: http://localhost:8000/bitrix/bitrixsetup.php
[Tue Dec 10 22:58:23.033539 2024] [mpm_winnt:notice] [pid 20896:tid 412] AH00422: Parent: Received shutdown signal -- Shutting down the server.
[Tue Dec 10 22:58:29.795417 2024] [core:warn] [pid 20904:tid 396] AH00098: pid file C:/work-projs/Only_php_trainee/httpd-2.4.62-240904-win64-VS17/Apache24/logs/httpd.pid overwritten -- Unclean shutdown of previous Apache run?
PHP Warning:  PHP Startup: Unable to load dynamic library 'openssl' (tried: C:\\work-projs\\php-8.3.13\\openssl (\xd0\x9d\xd0\xb5 \xd0\xbd\xd0\xb0\xd0\xb9\xd0\xb4\xd0\xb5\xd0\xbd \xd1\x83\xd0\xba\xd0\xb0\xd0\xb7\xd0\xb0\xd0\xbd\xd0\xbd\xd1\x8b\xd0\xb9 \xd0\xbc\xd0\xbe\xd0\xb4\xd1\x83\xd0\xbb\xd1\x8c), C:\\work-projs\\php-8.3.13\\php_openssl.dll (\xd0\x9d\xd0\xb5 \xd0\xbd\xd0\xb0\xd0\xb9\xd0\xb4\xd0\xb5\xd0\xbd \xd1\x83\xd0\xba\xd0\xb0\xd0\xb7\xd0\xb0\xd0\xbd\xd0\xbd\xd1\x8b\xd0\xb9 \xd0\xbc\xd0\xbe\xd0\xb4\xd1\x83\xd0\xbb\xd1\x8c)) in Unknown on line 0
PHP Warning:  PHP Startup: Unable to load dynamic library 'php_openssl.dll' (tried: C:\\work-projs\\php-8.3.13\\php_openssl.dll (\xd0\x9d\xd0\xb5 \xd0\xbd\xd0\xb0\xd0\xb9\xd0\xb4\xd0\xb5\xd0\xbd \xd1\x83\xd0\xba\xd0\xb0\xd0\xb7\xd0\xb0\xd0\xbd\xd0\xbd\xd1\x8b\xd0\xb9 \xd0\xbc\xd0\xbe\xd0\xb4\xd1\x83\xd0\xbb\xd1\x8c), C:\\work-projs\\php-8.3.13\\php_php_openssl.dll.dll (\xd0\x9d\xd0\xb5 \xd0\xbd\xd0\xb0\xd0\xb9\xd0\xb4\xd0\xb5\xd0\xbd \xd1\x83\xd0\xba\xd0\xb0\xd0\xb7\xd0\xb0\xd0\xbd\xd0\xbd\xd1\x8b\xd0\xb9 \xd0\xbc\xd0\xbe\xd0\xb4\xd1\x83\xd0\xbb\xd1\x8c)) in Unknown on line 0
[Tue Dec 10 22:58:29.809434 2024] [mpm_winnt:notice] [pid 20904:tid 396] AH00455: Apache/2.4.62 (Win64) PHP/8.3.13 configured -- resuming normal operations
[Tue Dec 10 22:58:29.809434 2024] [mpm_winnt:notice] [pid 20904:tid 396] AH00456: Apache Lounge VS17 Server built: Sep  4 2024 10:31:52
[Tue Dec 10 22:58:29.809434 2024] [core:notice] [pid 20904:tid 396] AH00094: Command line: 'C:\\work-projs\\Only_php_trainee\\httpd-2.4.62-240904-win64-VS17\\Apache24\\bin\\httpd.exe -d C:/work-projs/Only_php_trainee/httpd-2.4.62-240904-win64-VS17/Apache24'
[Tue Dec 10 22:58:29.815417 2024] [mpm_winnt:notice] [pid 20904:tid 396] AH00418: Parent: Created child process 18788
Apache server shutdown initiated...
 load dynamic library 'openssl' (tried: C:\\work-projs\\php-8.3.13\\openssl (\xd0\x9d\xd0\xb5 \xd0\xbd\xd0\xb0\xd0\xb9\xd0\xb4\xd0\xb5\xd0\xbd \xd1\x83\xd0\xba\xd0\xb0\xd0\xb7\xd0\xb0\xd0\xbd\xd0\xbd\xd1\x8b\xd0\xb9 \xd0\xbc\xd0\xbe\xd0\xb4\xd1\x83\xd0\xbb\xd1\x8c), C:\\work-projs\\php-8.3.13\\php_openssl.dll (\xd0\x9d\xd0\xb5 \xd0\xbd\xd0\xb0\xd0\xb9\xd0\xb4\xd0\xb5\xd0\xbd \xd1\x83\xd0\xba\xd0\xb0\xd0\xb7\xd0\xb0\xd0\xbd\xd0\xbd\xd1\x8b\xd0\xb9 \xd0\xbc\xd0\xbe\xd0\xb4\xd1\x83\xd0\xbb\xd1\x8c)) in Unknown on line 0
PHP Warning:  PHP Startup: Unable to load dynamic library 'php_openssl.dll' (tried: C:\\work-projs\\php-8.3.13\\php_openssl.dll (\xd0\x9d\xd0\xb5 \xd0\xbd\xd0\xb0\xd0\xb9\xd0\xb4\xd0\xb5\xd0\xbd \xd1\x83\xd0\xba\xd0\xb0\xd0\xb7\xd0\xb0\xd0\xbd\xd0\xbd\xd1\x8b\xd0\xb9 \xd0\xbc\xd0\xbe\xd0\xb4\xd1\x83\xd0\xbb\xd1\x8c), C:\\work-projs\\php-8.3.13\\php_php_openssl.dll.dll (\xd0\x9d\xd0\xb5 \xd0\xbd\xd0\xb0\xd0\xb9\xd0\xb4\xd0\xb5\xd0\xbd \xd1\x83\xd0\xba\xd0\xb0\xd0\xb7\xd0\xb0\xd0\xbd\xd0\xbd\xd1\x8b\xd0\xb9 \xd0\xbc\xd0\xbe\xd0\xb4\xd1\x83\xd0\xbb\xd1\x8c)) in Unknown on line 0
[Tue Dec 10 22:58:30.014920 2024] [mpm_winnt:notice] [pid 18788:tid 400] AH00354: Child: Starting 64 worker threads.
[Tue Dec 10 22:58:34.090453 2024] [php:warn] [pid 20720:tid 1188] [client ::1:52994] PHP Warning:  fsockopen(): Unable to connect to ssl://www.1c-bitrix.ru:443 (Unable to find the socket transport &quot;ssl&quot; - did you forget to enable it when you configured PHP?) in C:\\work-projs\\only_trainee_tasks\\Task1\\bitrix\\bitrixsetup.php on line 862, referer: http://localhost:8000/bitrix/bitrixsetup.php
[Tue Dec 10 22:58:34.128447 2024] [mpm_winnt:notice] [pid 20720:tid 388] AH00364: Child: All worker threads have exited.
[Tue Dec 10 23:20:15.249407 2024] [php:warn] [pid 18788:tid 1192] [client ::1:63219] PHP Warning:  fsockopen(): Unable to connect to ssl://www.1c-bitrix.ru:443 (Unable to find the socket transport &quot;ssl&quot; - did you forget to enable it when you configured PHP?) in C:\\work-projs\\only_trainee_tasks\\Task1\\bitrix\\bitrixsetup.php on line 862, referer: http://localhost:8000/bitrix/bitrixsetup.php
[Tue Dec 10 23:20:20.482595 2024] [mpm_winnt:notice] [pid 20904:tid 396] AH00422: Parent: Received shutdown signal -- Shutting down the server.
[Tue Dec 10 23:20:26.917890 2024] [core:warn] [pid 17844:tid 420] AH00098: pid file C:/work-projs/Only_php_trainee/httpd-2.4.62-240904-win64-VS17/Apache24/logs/httpd.pid overwritten -- Unclean shutdown of previous Apache run?
PHP Warning:  PHP Startup: Unable to load dynamic library 'php_openssl.dll' (tried: C:\\work-projs\\php-8.3.13\\php_openssl.dll (\xd0\x9d\xd0\xb5 \xd0\xbd\xd0\xb0\xd0\xb9\xd0\xb4\xd0\xb5\xd0\xbd \xd1\x83\xd0\xba\xd0\xb0\xd0\xb7\xd0\xb0\xd0\xbd\xd0\xbd\xd1\x8b\xd0\xb9 \xd0\xbc\xd0\xbe\xd0\xb4\xd1\x83\xd0\xbb\xd1\x8c), C:\\work-projs\\php-8.3.13\\php_php_openssl.dll.dll (\xd0\x9d\xd0\xb5 \xd0\xbd\xd0\xb0\xd0\xb9\xd0\xb4\xd0\xb5\xd0\xbd \xd1\x83\xd0\xba\xd0\xb0\xd0\xb7\xd0\xb0\xd0\xbd\xd0\xbd\xd1\x8b\xd0\xb9 \xd0\xbc\xd0\xbe\xd0\xb4\xd1\x83\xd0\xbb\xd1\x8c)) in Unknown on line 0
[Tue Dec 10 23:20:26.938889 2024] [mpm_winnt:notice] [pid 17844:tid 420] AH00455: Apache/2.4.62 (Win64) PHP/8.3.13 configured -- resuming normal operations
[Tue Dec 10 23:20:26.938889 2024] [mpm_winnt:notice] [pid 17844:tid 420] AH00456: Apache Lounge VS17 Server built: Sep  4 2024 10:31:52
[Tue Dec 10 23:20:26.938889 2024] [core:notice] [pid 17844:tid 420] AH00094: Command line: 'C:\\work-projs\\Only_php_trainee\\httpd-2.4.62-240904-win64-VS17\\Apache24\\bin\\httpd.exe -d C:/work-projs/Only_php_trainee/httpd-2.4.62-240904-win64-VS17/Apache24'
[Tue Dec 10 23:20:26.941891 2024] [mpm_winnt:notice] [pid 17844:tid 420] AH00418: Parent: Created child process 21376
Apache server shutdown initiated...
 load dynamic library 'php_openssl.dll' (tried: C:\\work-projs\\php-8.3.13\\php_openssl.dll (\xd0\x9d\xd0\xb5 \xd0\xbd\xd0\xb0\xd0\xb9\xd0\xb4\xd0\xb5\xd0\xbd \xd1\x83\xd0\xba\xd0\xb0\xd0\xb7\xd0\xb0\xd0\xbd\xd0\xbd\xd1\x8b\xd0\xb9 \xd0\xbc\xd0\xbe\xd0\xb4\xd1\x83\xd0\xbb\xd1\x8c), C:\\work-projs\\php-8.3.13\\php_php_openssl.dll.dll (\xd0\x9d\xd0\xb5 \xd0\xbd\xd0\xb0\xd0\xb9\xd0\xb4\xd0\xb5\xd0\xbd \xd1\x83\xd0\xba\xd0\xb0\xd0\xb7\xd0\xb0\xd0\xbd\xd0\xbd\xd1\x8b\xd0\xb9 \xd0\xbc\xd0\xbe\xd0\xb4\xd1\x83\xd0\xbb\xd1\x8c)) in Unknown on line 0
[Tue Dec 10 23:20:27.138774 2024] [mpm_winnt:notice] [pid 21376:tid 368] AH00354: Child: Starting 64 worker threads.
[Tue Dec 10 23:20:31.366112 2024] [php:warn] [pid 18788:tid 1180] [client ::1:63220] PHP Warning:  fsockopen(): Unable to connect to ssl://www.1c-bitrix.ru:443 (Unable to find the socket transport &quot;ssl&quot; - did you forget to enable it when you configured PHP?) in C:\\work-projs\\only_trainee_tasks\\Task1\\bitrix\\bitrixsetup.php on line 862, referer: http://localhost:8000/bitrix/bitrixsetup.php
[Tue Dec 10 23:20:31.474217 2024] [mpm_winnt:notice] [pid 18788:tid 400] AH00364: Child: All worker threads have exited.
[Tue Dec 10 23:21:17.342603 2024] [php:warn] [pid 21376:tid 1192] [client ::1:63320] PHP Warning:  fsockopen(): Unable to connect to ssl://www.1c-bitrix.ru:443 (Unable to find the socket transport &quot;ssl&quot; - did you forget to enable it when you configured PHP?) in C:\\work-projs\\only_trainee_tasks\\Task1\\bitrix\\bitrixsetup.php on line 862, referer: http://localhost:8000/bitrix/bitrixsetup.php
[Tue Dec 10 23:21:54.785173 2024] [mpm_winnt:notice] [pid 17844:tid 420] AH00422: Parent: Received shutdown signal -- Shutting down the server.
[Tue Dec 10 23:22:04.065224 2024] [core:warn] [pid 23344:tid 412] AH00098: pid file C:/work-projs/Only_php_trainee/httpd-2.4.62-240904-win64-VS17/Apache24/logs/httpd.pid overwritten -- Unclean shutdown of previous Apache run?
PHP Warning:  PHP Startup: Unable to load dynamic library 'php_openssl.dll' (tried: C:\\work-projs\\php-8.3.13\\php_openssl.dll (\xd0\x9d\xd0\xb5 \xd0\xbd\xd0\xb0\xd0\xb9\xd0\xb4\xd0\xb5\xd0\xbd \xd1\x83\xd0\xba\xd0\xb0\xd0\xb7\xd0\xb0\xd0\xbd\xd0\xbd\xd1\x8b\xd0\xb9 \xd0\xbc\xd0\xbe\xd0\xb4\xd1\x83\xd0\xbb\xd1\x8c), C:\\work-projs\\php-8.3.13\\php_php_openssl.dll.dll (\xd0\x9d\xd0\xb5 \xd0\xbd\xd0\xb0\xd0\xb9\xd0\xb4\xd0\xb5\xd0\xbd \xd1\x83\xd0\xba\xd0\xb0\xd0\xb7\xd0\xb0\xd0\xbd\xd0\xbd\xd1\x8b\xd0\xb9 \xd0\xbc\xd0\xbe\xd0\xb4\xd1\x83\xd0\xbb\xd1\x8c)) in Unknown on line 0
[Tue Dec 10 23:22:04.079138 2024] [mpm_winnt:notice] [pid 23344:tid 412] AH00455: Apache/2.4.62 (Win64) PHP/8.3.13 configured -- resuming normal operations
[Tue Dec 10 23:22:04.079138 2024] [mpm_winnt:notice] [pid 23344:tid 412] AH00456: Apache Lounge VS17 Server built: Sep  4 2024 10:31:52
[Tue Dec 10 23:22:04.079138 2024] [core:notice] [pid 23344:tid 412] AH00094: Command line: 'C:\\work-projs\\Only_php_trainee\\httpd-2.4.62-240904-win64-VS17\\Apache24\\bin\\httpd.exe -d C:/work-projs/Only_php_trainee/httpd-2.4.62-240904-win64-VS17/Apache24'
[Tue Dec 10 23:22:04.088205 2024] [mpm_winnt:notice] [pid 23344:tid 412] AH00418: Parent: Created child process 22544
Apache server shutdown initiated...
 load dynamic library 'php_openssl.dll' (tried: C:\\work-projs\\php-8.3.13\\php_openssl.dll (\xd0\x9d\xd0\xb5 \xd0\xbd\xd0\xb0\xd0\xb9\xd0\xb4\xd0\xb5\xd0\xbd \xd1\x83\xd0\xba\xd0\xb0\xd0\xb7\xd0\xb0\xd0\xbd\xd0\xbd\xd1\x8b\xd0\xb9 \xd0\xbc\xd0\xbe\xd0\xb4\xd1\x83\xd0\xbb\xd1\x8c), C:\\work-projs\\php-8.3.13\\php_php_openssl.dll.dll (\xd0\x9d\xd0\xb5 \xd0\xbd\xd0\xb0\xd0\xb9\xd0\xb4\xd0\xb5\xd0\xbd \xd1\x83\xd0\xba\xd0\xb0\xd0\xb7\xd0\xb0\xd0\xbd\xd0\xbd\xd1\x8b\xd0\xb9 \xd0\xbc\xd0\xbe\xd0\xb4\xd1\x83\xd0\xbb\xd1\x8c)) in Unknown on line 0
[Tue Dec 10 23:22:04.282673 2024] [mpm_winnt:notice] [pid 22544:tid 372] AH00354: Child: Starting 64 worker threads.
[Tue Dec 10 23:22:07.383694 2024] [php:warn] [pid 21376:tid 1184] [client ::1:63614] PHP Warning:  fsockopen(): Unable to connect to ssl://www.1c-bitrix.ru:443 (Unable to find the socket transport &quot;ssl&quot; - did you forget to enable it when you configured PHP?) in C:\\work-projs\\only_trainee_tasks\\Task1\\bitrix\\bitrixsetup.php on line 862, referer: http://localhost:8000/bitrix/bitrixsetup.php
[Tue Dec 10 23:22:07.394692 2024] [mpm_winnt:notice] [pid 21376:tid 368] AH00364: Child: All worker threads have exited.
[Wed Dec 11 00:12:50.657588 2024] [php:warn] [pid 22544:tid 1204] [client ::1:53177] PHP Warning:  fsockopen(): Unable to connect to ssl://www.1c-bitrix.ru:443 (Unable to find the socket transport &quot;ssl&quot; - did you forget to enable it when you configured PHP?) in C:\\work-projs\\only_trainee_tasks\\Task1\\bitrix\\bitrixsetup.php on line 862, referer: http://localhost:8000/bitrix/bitrixsetup.php
[Wed Dec 11 00:13:24.107231 2024] [mpm_winnt:notice] [pid 23344:tid 412] AH00422: Parent: Received shutdown signal -- Shutting down the server.
[Wed Dec 11 00:13:33.137437 2024] [core:warn] [pid 23492:tid 388] AH00098: pid file C:/work-projs/Only_php_trainee/httpd-2.4.62-240904-win64-VS17/Apache24/logs/httpd.pid overwritten -- Unclean shutdown of previous Apache run?
PHP Warning:  PHP Startup: Unable to load dynamic library 'php_openssl.dll' (tried: C:\\work-projs\\php-8.3.13\\php_openssl.dll (\xd0\x9d\xd0\xb5 \xd0\xbd\xd0\xb0\xd0\xb9\xd0\xb4\xd0\xb5\xd0\xbd \xd1\x83\xd0\xba\xd0\xb0\xd0\xb7\xd0\xb0\xd0\xbd\xd0\xbd\xd1\x8b\xd0\xb9 \xd0\xbc\xd0\xbe\xd0\xb4\xd1\x83\xd0\xbb\xd1\x8c), C:\\work-projs\\php-8.3.13\\php_php_openssl.dll.dll (\xd0\x9d\xd0\xb5 \xd0\xbd\xd0\xb0\xd0\xb9\xd0\xb4\xd0\xb5\xd0\xbd \xd1\x83\xd0\xba\xd0\xb0\xd0\xb7\xd0\xb0\xd0\xbd\xd0\xbd\xd1\x8b\xd0\xb9 \xd0\xbc\xd0\xbe\xd0\xb4\xd1\x83\xd0\xbb\xd1\x8c)) in Unknown on line 0
[Wed Dec 11 00:13:33.154454 2024] [mpm_winnt:notice] [pid 23492:tid 388] AH00455: Apache/2.4.62 (Win64) PHP/8.3.13 configured -- resuming normal operations
[Wed Dec 11 00:13:33.154454 2024] [mpm_winnt:notice] [pid 23492:tid 388] AH00456: Apache Lounge VS17 Server built: Sep  4 2024 10:31:52
[Wed Dec 11 00:13:33.154454 2024] [core:notice] [pid 23492:tid 388] AH00094: Command line: 'C:\\work-projs\\Only_php_trainee\\httpd-2.4.62-240904-win64-VS17\\Apache24\\bin\\httpd.exe -d C:/work-projs/Only_php_trainee/httpd-2.4.62-240904-win64-VS17/Apache24'
[Wed Dec 11 00:13:33.156451 2024] [mpm_winnt:notice] [pid 23492:tid 388] AH00418: Parent: Created child process 10304
Apache server shutdown initiated...
 load dynamic library 'php_openssl.dll' (tried: C:\\work-projs\\php-8.3.13\\php_openssl.dll (\xd0\x9d\xd0\xb5 \xd0\xbd\xd0\xb0\xd0\xb9\xd0\xb4\xd0\xb5\xd0\xbd \xd1\x83\xd0\xba\xd0\xb0\xd0\xb7\xd0\xb0\xd0\xbd\xd0\xbd\xd1\x8b\xd0\xb9 \xd0\xbc\xd0\xbe\xd0\xb4\xd1\x83\xd0\xbb\xd1\x8c), C:\\work-projs\\php-8.3.13\\php_php_openssl.dll.dll (\xd0\x9d\xd0\xb5 \xd0\xbd\xd0\xb0\xd0\xb9\xd0\xb4\xd0\xb5\xd0\xbd \xd1\x83\xd0\xba\xd0\xb0\xd0\xb7\xd0\xb0\xd0\xbd\xd0\xbd\xd1\x8b\xd0\xb9 \xd0\xbc\xd0\xbe\xd0\xb4\xd1\x83\xd0\xbb\xd1\x8c)) in Unknown on line 0
[Wed Dec 11 00:13:33.364087 2024] [mpm_winnt:notice] [pid 10304:tid 408] AH00354: Child: Starting 64 worker threads.
[Wed Dec 11 00:13:36.774868 2024] [php:warn] [pid 22544:tid 1200] [client ::1:53178] PHP Warning:  fsockopen(): Unable to connect to ssl://www.1c-bitrix.ru:443 (Unable to find the socket transport &quot;ssl&quot; - did you forget to enable it when you configured PHP?) in C:\\work-projs\\only_trainee_tasks\\Task1\\bitrix\\bitrixsetup.php on line 862, referer: http://localhost:8000/bitrix/bitrixsetup.php
[Wed Dec 11 00:13:36.790502 2024] [mpm_winnt:notice] [pid 22544:tid 372] AH00364: Child: All worker threads have exited.
[Wed Dec 11 00:18:28.143040 2024] [php:warn] [pid 10304:tid 1188] [client ::1:55439] PHP Warning:  fsockopen(): Unable to connect to ssl://www.1c-bitrix.ru:443 (Unable to find the socket transport &quot;ssl&quot; - did you forget to enable it when you configured PHP?) in C:\\work-projs\\only_trainee_tasks\\Task1\\bitrix\\bitrixsetup.php on line 862, referer: http://localhost:8000/bitrix/bitrixsetup.php
[Wed Dec 11 00:19:34.960605 2024] [mpm_winnt:notice] [pid 23492:tid 388] AH00422: Parent: Received shutdown signal -- Shutting down the server.
[Wed Dec 11 00:19:36.970674 2024] [mpm_winnt:notice] [pid 10304:tid 408] AH00364: Child: All worker threads have exited.
[Wed Dec 11 00:19:37.002400 2024] [mpm_winnt:notice] [pid 23492:tid 388] AH00430: Parent: Child process 10304 exited successfully.
[Wed Dec 11 00:19:49.884424 2024] [mpm_winnt:notice] [pid 7676:tid 412] AH00455: Apache/2.4.62 (Win64) PHP/8.3.13 configured -- resuming normal operations
[Wed Dec 11 00:19:49.884424 2024] [mpm_winnt:notice] [pid 7676:tid 412] AH00456: Apache Lounge VS17 Server built: Sep  4 2024 10:31:52
[Wed Dec 11 00:19:49.884424 2024] [core:notice] [pid 7676:tid 412] AH00094: Command line: 'C:\\work-projs\\Only_php_trainee\\httpd-2.4.62-240904-win64-VS17\\Apache24\\bin\\httpd.exe -d C:/work-projs/Only_php_trainee/httpd-2.4.62-240904-win64-VS17/Apache24'
[Wed Dec 11 00:19:49.886334 2024] [mpm_winnt:notice] [pid 7676:tid 412] AH00418: Parent: Created child process 19788
Apache server shutdown initiated...
pm_winnt:notice] [pid 19788:tid 368] AH00354: Child: Starting 64 worker threads.
[Wed Dec 11 00:26:13.854762 2024] [php:error] [pid 19788:tid 1128] [client ::1:55923] PHP Fatal error:  Uncaught Error: Call to undefined function mb_substr() in C:\\work-projs\\only_trainee_tasks\\Task1\\bitrix\\modules\\main\\classes\\general\\xml.php:561\nStack trace:\n#0 C:\\work-projs\\only_trainee_tasks\\Task1\\bitrix\\modules\\main\\classes\\general\\xml.php(426): CDataXML->__parse('<?xml version="...')\n#1 C:\\work-projs\\only_trainee_tasks\\Task1\\bitrix\\modules\\main\\install\\wizard\\utils.php(623): CDataXML->Load('C:/work-projs/o...')\n#2 C:\\work-projs\\only_trainee_tasks\\Task1\\bitrix\\modules\\main\\install\\wizard\\wizard.php(1): BXInstallServices::GetWizardsSettings()\n#3 C:\\work-projs\\only_trainee_tasks\\Task1\\index.php(32): include_once('C:\\\\work-projs\\\\o...')\n#4 {main}\n  thrown in C:\\work-projs\\only_trainee_tasks\\Task1\\bitrix\\modules\\main\\classes\\general\\xml.php on line 561, referer: http://localhost:8000/bitrix/bitrixsetup.php?action=UNPACK&filename=start_encode.tar.gz&by_step=Y&lang=ru&seek=532473856
[Wed Dec 11 00:26:49.818473 2024] [php:error] [pid 19788:tid 1116] [client ::1:58435] PHP Fatal error:  Uncaught Error: Call to undefined function mb_substr() in C:\\work-projs\\only_trainee_tasks\\Task1\\bitrix\\modules\\main\\classes\\general\\xml.php:561\nStack trace:\n#0 C:\\work-projs\\only_trainee_tasks\\Task1\\bitrix\\modules\\main\\classes\\general\\xml.php(426): CDataXML->__parse('<?xml version="...')\n#1 C:\\work-projs\\only_trainee_tasks\\Task1\\bitrix\\modules\\main\\install\\wizard\\utils.php(623): CDataXML->Load('C:/work-projs/o...')\n#2 C:\\work-projs\\only_trainee_tasks\\Task1\\bitrix\\modules\\main\\install\\wizard\\wizard.php(1): BXInstallServices::GetWizardsSettings()\n#3 C:\\work-projs\\only_trainee_tasks\\Task1\\index.php(32): include_once('C:\\\\work-projs\\\\o...')\n#4 {main}\n  thrown in C:\\work-projs\\only_trainee_tasks\\Task1\\bitrix\\modules\\main\\classes\\general\\xml.php on line 561, referer: http://localhost:8000/bitrix/bitrixsetup.php?action=UNPACK&filename=start_encode.tar.gz&by_step=Y&lang=ru&seek=532473856
[Wed Dec 11 00:27:52.802305 2024] [mpm_winnt:notice] [pid 7676:tid 412] AH00422: Parent: Received shutdown signal -- Shutting down the server.
[Wed Dec 11 00:27:54.830581 2024] [mpm_winnt:notice] [pid 19788:tid 368] AH00364: Child: All worker threads have exited.
[Wed Dec 11 00:27:54.852505 2024] [mpm_winnt:notice] [pid 7676:tid 412] AH00430: Parent: Child process 19788 exited successfully.
[Wed Dec 11 00:28:30.391411 2024] [mpm_winnt:notice] [pid 16736:tid 392] AH00455: Apache/2.4.62 (Win64) PHP/8.3.13 configured -- resuming normal operations
[Wed Dec 11 00:28:30.391411 2024] [mpm_winnt:notice] [pid 16736:tid 392] AH00456: Apache Lounge VS17 Server built: Sep  4 2024 10:31:52
[Wed Dec 11 00:28:30.391411 2024] [core:notice] [pid 16736:tid 392] AH00094: Command line: 'C:\\work-projs\\Only_php_trainee\\httpd-2.4.62-240904-win64-VS17\\Apache24\\bin\\httpd.exe -d C:/work-projs/Only_php_trainee/httpd-2.4.62-240904-win64-VS17/Apache24'
[Wed Dec 11 00:28:30.391411 2024] [mpm_winnt:notice] [pid 16736:tid 392] AH00418: Parent: Created child process 20536
Apache server shutdown initiated...
pm_winnt:notice] [pid 20536:tid 408] AH00354: Child: Starting 64 worker threads.
[Wed Dec 11 00:28:41.443120 2024] [php:error] [pid 20536:tid 1164] [client ::1:59384] PHP Fatal error:  Uncaught Error: Call to undefined function mb_substr() in C:\\work-projs\\only_trainee_tasks\\Task1\\bitrix\\modules\\main\\classes\\general\\xml.php:561\nStack trace:\n#0 C:\\work-projs\\only_trainee_tasks\\Task1\\bitrix\\modules\\main\\classes\\general\\xml.php(426): CDataXML->__parse('<?xml version="...')\n#1 C:\\work-projs\\only_trainee_tasks\\Task1\\bitrix\\modules\\main\\install\\wizard\\utils.php(623): CDataXML->Load('C:/work-projs/o...')\n#2 C:\\work-projs\\only_trainee_tasks\\Task1\\bitrix\\modules\\main\\install\\wizard\\wizard.php(1): BXInstallServices::GetWizardsSettings()\n#3 C:\\work-projs\\only_trainee_tasks\\Task1\\index.php(32): include_once('C:\\\\work-projs\\\\o...')\n#4 {main}\n  thrown in C:\\work-projs\\only_trainee_tasks\\Task1\\bitrix\\modules\\main\\classes\\general\\xml.php on line 561, referer: http://localhost:8000/bitrix/bitrixsetup.php?action=UNPACK&filename=start_encode.tar.gz&by_step=Y&lang=ru&seek=532473856
[Wed Dec 11 00:29:57.809075 2024] [php:error] [pid 20536:tid 1152] [client ::1:59848] PHP Fatal error:  Uncaught Error: Call to undefined function mb_substr() in C:\\work-projs\\only_trainee_tasks\\Task1\\bitrix\\modules\\main\\classes\\general\\xml.php:561\nStack trace:\n#0 C:\\work-projs\\only_trainee_tasks\\Task1\\bitrix\\modules\\main\\classes\\general\\xml.php(426): CDataXML->__parse('<?xml version="...')\n#1 C:\\work-projs\\only_trainee_tasks\\Task1\\bitrix\\modules\\main\\install\\wizard\\utils.php(623): CDataXML->Load('C:/work-projs/o...')\n#2 C:\\work-projs\\only_trainee_tasks\\Task1\\bitrix\\modules\\main\\install\\wizard\\wizard.php(1): BXInstallServices::GetWizardsSettings()\n#3 C:\\work-projs\\only_trainee_tasks\\Task1\\index.php(32): include_once('C:\\\\work-projs\\\\o...')\n#4 {main}\n  thrown in C:\\work-projs\\only_trainee_tasks\\Task1\\bitrix\\modules\\main\\classes\\general\\xml.php on line 561, referer: http://localhost:8000/bitrix/bitrixsetup.php?action=UNPACK&filename=start_encode.tar.gz&by_step=Y&lang=ru&seek=532473856
[Wed Dec 11 00:30:01.045791 2024] [php:error] [pid 20536:tid 1152] [client ::1:59848] PHP Fatal error:  Uncaught Error: Call to undefined function mb_substr() in C:\\work-projs\\only_trainee_tasks\\Task1\\bitrix\\modules\\main\\classes\\general\\xml.php:561\nStack trace:\n#0 C:\\work-projs\\only_trainee_tasks\\Task1\\bitrix\\modules\\main\\classes\\general\\xml.php(426): CDataXML->__parse('<?xml version="...')\n#1 C:\\work-projs\\only_trainee_tasks\\Task1\\bitrix\\modules\\main\\install\\wizard\\utils.php(623): CDataXML->Load('C:/work-projs/o...')\n#2 C:\\work-projs\\only_trainee_tasks\\Task1\\bitrix\\modules\\main\\install\\wizard\\wizard.php(1): BXInstallServices::GetWizardsSettings()\n#3 C:\\work-projs\\only_trainee_tasks\\Task1\\index.php(32): include_once('C:\\\\work-projs\\\\o...')\n#4 {main}\n  thrown in C:\\work-projs\\only_trainee_tasks\\Task1\\bitrix\\modules\\main\\classes\\general\\xml.php on line 561, referer: http://localhost:8000/bitrix/bitrixsetup.php?action=UNPACK&filename=start_encode.tar.gz&by_step=Y&lang=ru&seek=532473856
[Wed Dec 11 00:41:32.782846 2024] [php:error] [pid 20536:tid 1164] [client ::1:64669] PHP Fatal error:  Uncaught Error: Call to undefined function mb_substr() in C:\\work-projs\\only_trainee_tasks\\Task1\\bitrix\\modules\\main\\classes\\general\\xml.php:561\nStack trace:\n#0 C:\\work-projs\\only_trainee_tasks\\Task1\\bitrix\\modules\\main\\classes\\general\\xml.php(426): CDataXML->__parse('<?xml version="...')\n#1 C:\\work-projs\\only_trainee_tasks\\Task1\\bitrix\\modules\\main\\install\\wizard\\utils.php(623): CDataXML->Load('C:/work-projs/o...')\n#2 C:\\work-projs\\only_trainee_tasks\\Task1\\bitrix\\modules\\main\\install\\wizard\\wizard.php(1): BXInstallServices::GetWizardsSettings()\n#3 C:\\work-projs\\only_trainee_tasks\\Task1\\index.php(32): include_once('C:\\\\work-projs\\\\o...')\n#4 {main}\n  thrown in C:\\work-projs\\only_trainee_tasks\\Task1\\bitrix\\modules\\main\\classes\\general\\xml.php on line 561, referer: http://localhost:8000/bitrix/bitrixsetup.php?action=UNPACK&filename=start_encode.tar.gz&by_step=Y&lang=ru&seek=532473856
[Wed Dec 11 00:41:35.306264 2024] [mpm_winnt:notice] [pid 16736:tid 392] AH00422: Parent: Received shutdown signal -- Shutting down the server.
[Wed Dec 11 00:41:43.422855 2024] [core:warn] [pid 21268:tid 412] AH00098: pid file C:/work-projs/Only_php_trainee/httpd-2.4.62-240904-win64-VS17/Apache24/logs/httpd.pid overwritten -- Unclean shutdown of previous Apache run?
[Wed Dec 11 00:41:43.447006 2024] [mpm_winnt:notice] [pid 21268:tid 412] AH00455: Apache/2.4.62 (Win64) PHP/8.3.13 configured -- resuming normal operations
[Wed Dec 11 00:41:43.447006 2024] [mpm_winnt:notice] [pid 21268:tid 412] AH00456: Apache Lounge VS17 Server built: Sep  4 2024 10:31:52
[Wed Dec 11 00:41:43.447006 2024] [core:notice] [pid 21268:tid 412] AH00094: Command line: 'C:\\work-projs\\Only_php_trainee\\httpd-2.4.62-240904-win64-VS17\\Apache24\\bin\\httpd.exe -d C:/work-projs/Only_php_trainee/httpd-2.4.62-240904-win64-VS17/Apache24'
[Wed Dec 11 00:41:43.449881 2024] [mpm_winnt:notice] [pid 21268:tid 412] AH00418: Parent: Created child process 18104
Apache server shutdown initiated...
pm_winnt:notice] [pid 18104:tid 368] AH00354: Child: Starting 64 worker threads.
[Wed Dec 11 00:41:45.305682 2024] [php:error] [pid 20536:tid 1152] [client ::1:64670] PHP Fatal error:  Uncaught Error: Call to undefined function mb_substr() in C:\\work-projs\\only_trainee_tasks\\Task1\\bitrix\\modules\\main\\classes\\general\\xml.php:561\nStack trace:\n#0 C:\\work-projs\\only_trainee_tasks\\Task1\\bitrix\\modules\\main\\classes\\general\\xml.php(426): CDataXML->__parse('<?xml version="...')\n#1 C:\\work-projs\\only_trainee_tasks\\Task1\\bitrix\\modules\\main\\install\\wizard\\utils.php(623): CDataXML->Load('C:/work-projs/o...')\n#2 C:\\work-projs\\only_trainee_tasks\\Task1\\bitrix\\modules\\main\\install\\wizard\\wizard.php(1): BXInstallServices::GetWizardsSettings()\n#3 C:\\work-projs\\only_trainee_tasks\\Task1\\index.php(32): include_once('C:\\\\work-projs\\\\o...')\n#4 {main}\n  thrown in C:\\work-projs\\only_trainee_tasks\\Task1\\bitrix\\modules\\main\\classes\\general\\xml.php on line 561, referer: http://localhost:8000/bitrix/bitrixsetup.php?action=UNPACK&filename=start_encode.tar.gz&by_step=Y&lang=ru&seek=532473856
[Wed Dec 11 00:41:45.318787 2024] [mpm_winnt:notice] [pid 20536:tid 408] AH00364: Child: All worker threads have exited.
[Wed Dec 11 10:01:46.139823 2024] [mpm_winnt:notice] [pid 21268:tid 412] AH00422: Parent: Received shutdown signal -- Shutting down the server.
[Wed Dec 11 10:01:48.151415 2024] [mpm_winnt:notice] [pid 18104:tid 368] AH00364: Child: All worker threads have exited.
[Wed Dec 11 10:01:48.205677 2024] [mpm_winnt:notice] [pid 21268:tid 412] AH00430: Parent: Child process 18104 exited successfully.
